c:\users\mateu\source\repos\proteus\bin-int\debug-windows-x86_64\proteus\proteus.pch
c:\users\mateu\source\repos\proteus\bin-int\debug-windows-x86_64\proteus\vc142.pdb
c:\users\mateu\source\repos\proteus\bin-int\debug-windows-x86_64\proteus\vc142.idb
c:\users\mateu\source\repos\proteus\bin-int\debug-windows-x86_64\proteus\proteus_pch.obj
c:\users\mateu\source\repos\proteus\bin-int\debug-windows-x86_64\proteus\log.obj
c:\users\mateu\source\repos\proteus\bin-int\debug-windows-x86_64\proteus\application.obj
c:\users\mateu\source\repos\proteus\bin\debug-windows-x86_64\proteus\proteus.dll
c:\users\mateu\source\repos\proteus\bin\debug-windows-x86_64\proteus\proteus.ilk
c:\users\mateu\source\repos\proteus\bin\debug-windows-x86_64\proteus\proteus.pdb
c:\users\mateu\source\repos\proteus\bin\debug-windows-x86_64\proteus\proteus.lib
c:\users\mateu\source\repos\proteus\bin\debug-windows-x86_64\proteus\proteus.exp
c:\users\mateu\source\repos\proteus\proteus\..\bin\debug-windows-x86_64\proteus\proteus.dll
c:\users\mateu\source\repos\proteus\bin-int\debug-windows-x86_64\proteus\proteus.tlog\cl.command.1.tlog
c:\users\mateu\source\repos\proteus\bin-int\debug-windows-x86_64\proteus\proteus.tlog\cl.read.1.tlog
c:\users\mateu\source\repos\proteus\bin-int\debug-windows-x86_64\proteus\proteus.tlog\cl.write.1.tlog
c:\users\mateu\source\repos\proteus\bin-int\debug-windows-x86_64\proteus\proteus.tlog\link.18088.delete.1.tlog
c:\users\mateu\source\repos\proteus\bin-int\debug-windows-x86_64\proteus\proteus.tlog\link.command.1.tlog
c:\users\mateu\source\repos\proteus\bin-int\debug-windows-x86_64\proteus\proteus.tlog\link.read.1.tlog
c:\users\mateu\source\repos\proteus\bin-int\debug-windows-x86_64\proteus\proteus.tlog\link.write.1.tlog
c:\users\mateu\source\repos\proteus\bin-int\debug-windows-x86_64\proteus\proteus.tlog\proteus.write.1u.tlog
